<?xml version="1.0" encoding="UTF-8"?>
<testsuite xmlns:xsi="http://www.w3.org/2001/XMLSchema-instance" xsi:noNamespaceSchemaLocation="https://maven.apache.org/surefire/maven-surefire-plugin/xsd/surefire-test-report-3.0.xsd" version="3.0" name="com.example.demo.LibraryManagementApplicationTests" time="8.68" tests="1" errors="0" skipped="0" failures="0">
  <properties>
[...]
</properties>
  <testcase name="contextLoads" classname="com.example.demo.LibraryManagementApplicationTests" time="0.781">
    <system-out><![CDATA[11:30:58.518 [main] INFO org.springframework.test.context.support.AnnotationConfigContextLoaderUtils -- Could not detect default configuration classes for test class [com.example.demo.LibraryManagementApplicationTests]: LibraryManagementApplicationTests does not declare any static, non-private, non-final, nested classes annotated with @Configuration.
11:30:58.656 [main] INFO org.springframework.boot.test.context.SpringBootTestContextBootstrapper -- Found @SpringBootConfiguration com.example.demo.LibraryManagementApplication for test class com.example.demo.LibraryManagementApplicationTests

  .   ____          _            __ _ _
 /\\ / ___'_ __ _ _(_)_ __  __ _ \ \ \ \
( ( )\___ | '_ | '_| | '_ \/ _` | \ \ \ \
 \\/  ___)| |_)| | | | | || (_| |  ) ) ) )
  '  |____| .__|_| |_|_| |_\__, | / / / /
 =========|_|==============|___/=/_/_/_/
 :: Spring Boot ::                (v3.1.4)

2023-12-12T11:30:59.349+05:30  INFO 14068 --- [           main] c.e.d.LibraryManagementApplicationTests  : Starting LibraryManagementApplicationTests using Java 17.0.5 with PID 14068 (started by ADMIN in C:\Users\ADMIN\Documents\workspace-spring-tool-suite-4-4.18.1.RELEASE\LibraryManagement)
2023-12-12T11:30:59.351+05:30  INFO 14068 --- [           main] c.e.d.LibraryManagementApplicationTests  : No active profile set, falling back to 1 default profile: "default"
2023-12-12T11:31:00.342+05:30  INFO 14068 --- [           main] .s.d.r.c.RepositoryConfigurationDelegate : Bootstrapping Spring Data JPA repositories in DEFAULT mode.
2023-12-12T11:31:00.480+05:30  INFO 14068 --- [           main] .s.d.r.c.RepositoryConfigurationDelegate : Finished Spring Data repository scanning in 122 ms. Found 4 JPA repository interfaces.
2023-12-12T11:31:00.925+05:30  INFO 14068 --- [           main] trationDelegate$BeanPostProcessorChecker : Bean 'org.springframework.ws.config.annotation.DelegatingWsConfiguration' of type [org.springframework.ws.config.annotation.DelegatingWsConfiguration$$SpringCGLIB$$0] is not eligible for getting processed by all BeanPostProcessors (for example: not eligible for auto-proxying)
2023-12-12T11:31:01.046+05:30  INFO 14068 --- [           main] .w.s.a.s.AnnotationActionEndpointMapping : Supporting [WS-Addressing August 2004, WS-Addressing 1.0]
2023-12-12T11:31:01.331+05:30  INFO 14068 --- [           main] o.hibernate.jpa.internal.util.LogHelper  : HHH000204: Processing PersistenceUnitInfo [name: default]
2023-12-12T11:31:01.429+05:30  INFO 14068 --- [           main] org.hibernate.Version                    : HHH000412: Hibernate ORM core version 6.2.9.Final
2023-12-12T11:31:01.433+05:30  INFO 14068 --- [           main] org.hibernate.cfg.Environment            : HHH000406: Using bytecode reflection optimizer
2023-12-12T11:31:01.750+05:30  INFO 14068 --- [           main] o.h.b.i.BytecodeProviderInitiator        : HHH000021: Bytecode provider name : bytebuddy
2023-12-12T11:31:01.942+05:30  INFO 14068 --- [           main] o.s.o.j.p.SpringPersistenceUnitInfo      : No LoadTimeWeaver setup: ignoring JPA class transformer
2023-12-12T11:31:01.984+05:30  INFO 14068 --- [           main] com.zaxxer.hikari.HikariDataSource       : HikariPool-1 - Starting...
2023-12-12T11:31:03.126+05:30  INFO 14068 --- [           main] com.zaxxer.hikari.pool.HikariPool        : HikariPool-1 - Added connection com.mysql.cj.jdbc.ConnectionImpl@374b6e33
2023-12-12T11:31:03.131+05:30  INFO 14068 --- [           main] com.zaxxer.hikari.HikariDataSource       : HikariPool-1 - Start completed.
2023-12-12T11:31:03.656+05:30  INFO 14068 --- [           main] o.h.b.i.BytecodeProviderInitiator        : HHH000021: Bytecode provider name : bytebuddy
2023-12-12T11:31:04.599+05:30  INFO 14068 --- [           main] o.h.e.t.j.p.i.JtaPlatformInitiator       : HHH000490: Using JtaPlatform implementation: [org.hibernate.engine.transaction.jta.platform.internal.NoJtaPlatform]
2023-12-12T11:31:04.692+05:30  INFO 14068 --- [           main] j.LocalContainerEntityManagerFactoryBean : Initialized JPA EntityManagerFactory for persistence unit 'default'
2023-12-12T11:31:05.510+05:30  WARN 14068 --- [           main] JpaBaseConfiguration$JpaWebConfiguration : spring.jpa.open-in-view is enabled by default. Therefore, database queries may be performed during view rendering. Explicitly configure spring.jpa.open-in-view to disable this warning
2023-12-12T11:31:06.128+05:30  INFO 14068 --- [           main] c.e.d.LibraryManagementApplicationTests  : Started LibraryManagementApplicationTests in 7.216 seconds (process running for 8.613)
]]></system-out>
  </testcase>
</testsuite>